TN:
SF:src/config/database.ts
FNF:0
FNH:0
DA:3,1
DA:5,1
LF:2
LH:2
BRF:0
BRH:0
end_of_record
TN:
SF:src/repositories/recommendationRepository.ts
FN:5,create
FN:16,findAll
FN:26,getAmountByScore
FN:33,getFindAllFilter
FN:43,find
FN:49,findByName
FN:55,updateScore
FN:64,remove
FNF:8
FNH:2
FNDA:0,create
FNDA:1,findAll
FNDA:0,getAmountByScore
FNDA:1,getFindAllFilter
FNDA:0,find
FNDA:0,findByName
FNDA:0,updateScore
FNDA:0,remove
DA:6,0
DA:17,1
DA:19,1
DA:27,0
DA:34,1
DA:36,0
DA:38,0
DA:44,0
DA:50,0
DA:56,0
DA:65,0
DA:70,1
LF:12
LH:4
BRDA:34,0,0,1
BRF:1
BRH:1
end_of_record
TN:
SF:src/services/recommendationsService.ts
FN:7,insert
FN:17,upvote
FN:23,downvote
FN:33,getByIdOrFail
FN:41,get
FN:45,getTop
FN:49,getRandom
FN:65,getByScore
FN:78,getScoreFilter
FNF:9
FNH:9
FNDA:2,insert
FNDA:3,upvote
FNDA:2,downvote
FNDA:5,getByIdOrFail
FNDA:1,get
FNDA:1,getTop
FNDA:2,getRandom
FNDA:2,getByScore
FNDA:2,getScoreFilter
DA:8,2
DA:12,2
DA:14,1
DA:18,3
DA:20,1
DA:24,2
DA:26,2
DA:28,2
DA:29,1
DA:34,5
DA:36,5
DA:38,3
DA:42,1
DA:46,1
DA:50,2
DA:52,2
DA:54,2
DA:56,2
DA:57,1
DA:60,1
DA:62,1
DA:66,2
DA:71,2
DA:72,1
DA:75,1
DA:79,2
DA:80,1
DA:83,1
DA:86,1
LF:29
LH:29
BRDA:12,0,0,1
BRDA:28,1,0,1
BRDA:36,2,0,2
BRDA:56,3,0,1
BRDA:71,4,0,1
BRDA:79,5,0,1
BRF:6
BRH:6
end_of_record
TN:
SF:src/utils/errorUtils.ts
FN:7,isAppError
FN:11,errorTypeToStatusCode
FN:19,conflictError
FN:23,notFoundError
FN:27,unauthorizedError
FN:31,wrongSchemaError
FNF:6
FNH:2
FNDA:0,isAppError
FNDA:0,errorTypeToStatusCode
FNDA:1,conflictError
FNDA:3,notFoundError
FNDA:0,unauthorizedError
FNDA:0,wrongSchemaError
DA:8,0
DA:12,0
DA:13,0
DA:14,0
DA:15,0
DA:16,0
DA:20,1
DA:24,3
DA:28,0
DA:32,0
LF:10
LH:2
BRDA:12,0,0,0
BRDA:13,1,0,0
BRDA:14,2,0,0
BRDA:15,3,0,0
BRDA:20,4,0,1
BRDA:20,4,1,0
BRDA:20,5,0,1
BRDA:20,5,1,1
BRDA:24,6,0,0
BRDA:24,6,1,3
BRDA:24,7,0,3
BRDA:24,7,1,3
BRDA:28,8,0,0
BRDA:28,8,1,0
BRDA:28,9,0,0
BRDA:28,9,1,0
BRDA:32,10,0,0
BRDA:32,10,1,0
BRDA:32,11,0,0
BRDA:32,11,1,0
BRF:20
BRH:6
end_of_record
TN:
SF:tests/factories/recommendationFactory.ts
FN:3,validData
FN:10,invalidData
FN:17,createRecommendationAndGetId
FN:23,createRecommendations
FN:50,getRecommendations
FNF:5
FNH:2
FNDA:1,validData
FNDA:0,invalidData
FNDA:0,createRecommendationAndGetId
FNDA:0,createRecommendations
FNDA:2,getRecommendations
DA:4,1
DA:11,0
DA:18,0
DA:19,0
DA:20,0
DA:24,0
DA:43,0
DA:47,0
DA:51,2
LF:9
LH:2
BRF:0
BRH:0
end_of_record
